{"level":"debug","message":"Debug log test","timestamp":"2025-06-18T22:48:26.289Z"}
{"level":"http","message":"HTTP log test","timestamp":"2025-06-18T22:48:26.289Z"}
{"level":"info","message":"Info log test","timestamp":"2025-06-18T22:48:26.290Z"}
{"level":"warning","message":"Warning log test","timestamp":"2025-06-18T22:48:26.290Z"}
{"level":"error","message":"Error log test","timestamp":"2025-06-18T22:48:26.290Z"}
{"level":"debug","message":"Logger initialized in DEV mode on port: 8080","timestamp":"2025-06-18T22:53:32.416Z"}
{"level":"info","message":"✅ Conectado a MongoDB","timestamp":"2025-06-18T22:53:33.226Z"}
{"level":"info","message":"Logger initialized in PROD mode on port: 8080","timestamp":"2025-06-18T22:54:11.932Z"}
{"level":"info","message":"✅ Conectado a MongoDB","timestamp":"2025-06-18T22:54:12.573Z"}
{"level":"debug","message":"Debug log test","timestamp":"2025-06-18T22:54:16.092Z"}
{"level":"http","message":"HTTP log test","timestamp":"2025-06-18T22:54:16.093Z"}
{"level":"info","message":"Info log test","timestamp":"2025-06-18T22:54:16.093Z"}
{"level":"warning","message":"Warning log test","timestamp":"2025-06-18T22:54:16.094Z"}
{"level":"error","message":"Error log test","timestamp":"2025-06-18T22:54:16.094Z"}
{"level":"info","message":"✅ Conectado a MongoDB","timestamp":"2025-06-19T00:17:47.797Z"}
{"level":"error","message":"Error log test","timestamp":"2025-06-19T00:22:00.727Z"}
{"level":"fatal","message":"Fatal log test","timestamp":"2025-06-19T00:22:00.738Z"}
{"level":"error","message":"Error log test","timestamp":"2025-06-19T00:22:44.802Z"}
{"level":"fatal","message":"Fatal log test","timestamp":"2025-06-19T00:22:44.803Z"}
{"address":"::","code":"EADDRINUSE","errno":-4091,"level":"fatal","message":"uncaughtException listen EADDRINUSE: address already in use :::8080","port":8080,"stack":"Error: listen EADDRINUSE: address already in use :::8080\n    at Server.setupListenHandle [as _listen2] (node:net:1904:16)\n    at listenInCluster (node:net:1961:12)\n    at Server.listen (node:net:2063:7)\n    at Function.listen (C:\\Users\\agust\\Documents\\GitHub\\RecursosBackend-Adoptme\\node_modules\\express\\lib\\application.js:635:24)\n    at file:///C:/Users/agust/Documents/GitHub/RecursosBackend-Adoptme/src/app.js:89:5\n    at ModuleJob.run (node:internal/modules/esm/module_job:234:25)\n    at async ModuleLoader.import (node:internal/modules/esm/loader:473:24)\n    at async asyncRunEntryPointWithESMLoader (node:internal/modules/run_main:123:5)","syscall":"listen","timestamp":"2025-06-25T00:15:42.524Z"}
{"level":"fatal","message":"uncaughtException logger.fatal is not a function","stack":"TypeError: logger.fatal is not a function\n    at process.<anonymous> (file:///C:/Users/agust/Documents/GitHub/RecursosBackend-Adoptme/src/app.js:71:12)\n    at process.emit (node:events:519:28)\n    at emitUnhandledRejection (node:internal/process/promises:250:13)\n    at throwUnhandledRejectionsMode (node:internal/process/promises:385:19)\n    at processPromiseRejections (node:internal/process/promises:470:17)\n    at process.processTicksAndRejections (node:internal/process/task_queues:96:32)","timestamp":"2025-06-26T17:17:56.032Z"}
